<?xml version="1.0" encoding="UTF-8"?>
<testsuites name="TestListener_MakeAppointment_002" time="99.085" tests="1" failures="0" errors="0">
   <testsuite name="TestListener_MakeAppointment_002" tests="1" failures="0" errors="0" time="99.085" skipped="0" timestamp="2024-01-20 12:58:37" hostname="rajes - RAJESHBANDARU" id="Test Suites/CURA_TestListener_Makeappointment_002/TestListener_MakeAppointment_002">
      <properties>
         <property name="deviceName"/>
         <property name="devicePlatform" value="WINDOWS"/>
         <property name="logFolder" value="C:\\Users\\rajes\\Katalon Studio\\CURA Healthcare Service\\Reports\\20240120_125816\\CURA_TestListener_Makeappointment_002\\TestListener_MakeAppointment_002\\20240120_125817"/>
         <property name="logFiles" value="C:\\Users\\rajes\\Katalon Studio\\CURA Healthcare Service\\Reports\\20240120_125816\\CURA_TestListener_Makeappointment_002\\TestListener_MakeAppointment_002\\20240120_125817\\execution0.log"/>
         <property name="attachments" value=""/>
         <property name="hostName" value="rajes - RAJESHBANDARU"/>
         <property name="remoteDriverUrl" value="testcloud.katalon.com/hub"/>
         <property name="desiredCapabilities" value="{
  &quot;timeouts&quot;: {
    &quot;implicit&quot;: 0,
    &quot;pageLoad&quot;: 300000,
    &quot;script&quot;: 30000
  },
  &quot;platform&quot;: &quot;WINDOWS&quot;,
  &quot;goog:chromeOptions&quot;: {
    &quot;debuggerAddress&quot;: &quot;localhost:9225&quot;
  },
  &quot;requestId&quot;: &quot;b95aa686-3229-4af8-83aa-7220b14028d4&quot;,
  &quot;webauthn:extension:credBlob&quot;: true,
  &quot;acceptInsecureCerts&quot;: false,
  &quot;browserVersion&quot;: &quot;119.0.0.0&quot;,
  &quot;fedcm:accounts&quot;: true,
  &quot;browserName&quot;: &quot;chrome&quot;,
  &quot;javascriptEnabled&quot;: true,
  &quot;katalon:option&quot;: {
    &quot;unlimitedExecutionMinutes&quot;: true,
    &quot;userId&quot;: 1411053,
    &quot;organizationId&quot;: &quot;1368320&quot;,
    &quot;class&quot;: &quot;com.katalon.testcloud.grid.common.tunnel.domain.UserOptionCapability&quot;,
    &quot;runFromTestCloud&quot;: true,
    &quot;usingTunnel&quot;: false
  },
  &quot;platformName&quot;: &quot;WINDOWS&quot;,
  &quot;setWindowRect&quot;: true,
  &quot;webauthn:extension:largeBlob&quot;: true,
  &quot;networkConnectionEnabled&quot;: false,
  &quot;chrome&quot;: {
    &quot;chromedriverVersion&quot;: &quot;119.0.6045.9 (c7ec5863fa5c563b4b9057148aa2ae3f09f7994e-refs/branch-heads/6045@{#87})&quot;,
    &quot;userDataDir&quot;: &quot;C:\\Program Files (x86)\\scoped_dir2160_1424277246&quot;
  },
  &quot;pageLoadStrategy&quot;: &quot;normal&quot;,
  &quot;unhandledPromptBehavior&quot;: &quot;dismiss and notify&quot;,
  &quot;strictFileInteractability&quot;: false,
  &quot;***:loadExtension&quot;: [
    &quot;https://prod-magicleap-user-files-us-east-1-v1.s3.amazonaws.com/extensions/orgId-691279/SmartWait.zip&quot;
  ],
  &quot;version&quot;: &quot;119&quot;,
  &quot;se:cdp&quot;: &quot;ws://172.48.94.113:4444/session/e47e23c43463dd756c70143b6d81819d/se/cdp&quot;,
  &quot;proxy&quot;: {
    &quot;proxyType&quot;: &quot;DIRECT&quot;,
    &quot;autodetect&quot;: false
  },
  &quot;webauthn:extension:minPinLength&quot;: true,
  &quot;webdriver.remote.sessionid&quot;: &quot;e47e23c43463dd756c70143b6d81819d&quot;,
  &quot;webauthn:extension:prf&quot;: true,
  &quot;webauthn:virtualAuthenticators&quot;: true
}"/>
         <property name="os" value="Windows 11 64bit"/>
         <property name="remoteOS" value="Windows"/>
         <property name="katalonVersion" value="8.6.8.208"/>
         <property name="browser" value="Chrome 119.0.0.0"/>
         <property name="hostAddress" value="192.168.150.13"/>
         <property name="sessionId" value="e47e23c43463dd756c70143b6d81819d"/>
         <property name="seleniumVersion" value="3.141.59"/>
         <property name="proxyInformation" value="ProxyInformation { proxyOption=NO_PROXY, proxyServerType=HTTP, username=, password=********, proxyServerAddress=, proxyServerPort=0, executionList=&quot;&quot;, isApplyToDesiredCapabilities=true }"/>
         <property name="platform" value="Windows 11"/>
      </properties>
      <testcase name="Test Cases/CURA_Health_Services/TC_CHS_MAKEAppointment_002" time="56.342" classname="Test Cases/CURA_Health_Services/TC_CHS_MAKEAppointment_002" status="PASSED">
         <system-out><![CDATA[2024-01-20 12:59:20 - [TEST_CASE][PASSED] - Test Cases/CURA_Health_Services/TC_CHS_MAKEAppointment_002: Test Cases/CURA_Health_Services/TC_CHS_MAKEAppointment_002

2024-01-20 12:59:20 - [TEST_STEP][PASSED] - Start listener action : sampleBeforeTestCase: Object: 'Object Repository/CURA_HS_All_Buttons_OR/Page_CURA Healthcare Service/button_Login' is clicked on

2024-01-20 12:59:20 - [TEST_STEP][PASSED] - setText(findTestObject("CURA_HS_All_Buttons_OR/Page_CURA Healthcare Service/input_Username_username"), "John Doe"): Text 'John Doe' is set on object 'Object Repository/CURA_HS_All_Buttons_OR/Page_CURA Healthcare Service/input_Username_username'

2024-01-20 12:59:27 - [MESSAGE][PASSED] - Text 'John Doe' is set on object 'Object Repository/CURA_HS_All_Buttons_OR/Page_CURA Healthcare Service/input_Username_username'

2024-01-20 12:59:27 - [TEST_STEP][PASSED] - setEncryptedText(findTestObject("CURA_HS_All_Buttons_OR/Page_CURA Healthcare Service/input_Password_password"), "g3/DOGG74jC3Flrr3yH+3D/yKbOqqUNM"): Text ****** has been set on object 'Object Repository/CURA_HS_All_Buttons_OR/Page_CURA Healthcare Service/input_Password_password'

2024-01-20 12:59:30 - [MESSAGE][PASSED] - Text ****** has been set on object 'Object Repository/CURA_HS_All_Buttons_OR/Page_CURA Healthcare Service/input_Password_password'

2024-01-20 12:59:30 - [TEST_STEP][PASSED] - click(findTestObject("CURA_HS_All_Buttons_OR/Page_CURA Healthcare Service/button_Login")): Object: 'Object Repository/CURA_HS_All_Buttons_OR/Page_CURA Healthcare Service/button_Login' is clicked on

2024-01-20 12:59:34 - [MESSAGE][PASSED] - Object: 'Object Repository/CURA_HS_All_Buttons_OR/Page_CURA Healthcare Service/button_Login' is clicked on

2024-01-20 12:59:34 - [TEST_STEP][PASSED] - Start listener action : sampleBeforeTestCase: null

2024-01-20 12:59:34 - [TEST_STEP][PASSED] - Start listener action : sampleBeforeTestCase: null

2024-01-20 12:59:34 - [TEST_STEP][PASSED] - selectOptionByValue(findTestObject("Object Repository/CURAHealthcareService_MAKEAppointment_OR_002/Page_CURA Healthcare Service/Facility"), "Hongkong CURA Healthcare Center", true): All options with value 'Hongkong CURA Healthcare Center' are selected in object 'Object Repository/CURAHealthcareService_MAKEAppointment_OR_002/Page_CURA Healthcare Service/Facility'  using regular expression

2024-01-20 12:59:48 - [MESSAGE][PASSED] - All options with value 'Hongkong CURA Healthcare Center' are selected in object 'Object Repository/CURAHealthcareService_MAKEAppointment_OR_002/Page_CURA Healthcare Service/Facility'  using regular expression

2024-01-20 12:59:48 - [TEST_STEP][PASSED] - click(findTestObject("CURA_HS_All_Buttons_OR/Page_CURA Healthcare Service/input_Apply for hospital readmission_hospital_readmission")): Object: 'Object Repository/CURA_HS_All_Buttons_OR/Page_CURA Healthcare Service/input_Apply for hospital readmission_hospital_readmission' is clicked on

2024-01-20 12:59:51 - [MESSAGE][PASSED] - Object: 'Object Repository/CURA_HS_All_Buttons_OR/Page_CURA Healthcare Service/input_Apply for hospital readmission_hospital_readmission' is clicked on

2024-01-20 12:59:51 - [TEST_STEP][PASSED] - check(findTestObject("CURA_HS_All_Buttons_OR/Page_CURA Healthcare Service/input_Medicaid_programs")): Object 'Object Repository/CURA_HS_All_Buttons_OR/Page_CURA Healthcare Service/input_Medicaid_programs' is checked

2024-01-20 12:59:55 - [MESSAGE][PASSED] - Object 'Object Repository/CURA_HS_All_Buttons_OR/Page_CURA Healthcare Service/input_Medicaid_programs' is checked

2024-01-20 12:59:55 - [TEST_STEP][PASSED] - setText(findTestObject("CURA_HS_All_Buttons_OR/Page_CURA Healthcare Service/input_Visit Date (Required)_visit_date"), "29/01/2024"): Text '29/01/2024' is set on object 'Object Repository/CURA_HS_All_Buttons_OR/Page_CURA Healthcare Service/input_Visit Date (Required)_visit_date'

2024-01-20 13:00:01 - [MESSAGE][PASSED] - Text '29/01/2024' is set on object 'Object Repository/CURA_HS_All_Buttons_OR/Page_CURA Healthcare Service/input_Visit Date (Required)_visit_date'

2024-01-20 13:00:01 - [TEST_STEP][PASSED] - setText(findTestObject("CURA_HS_All_Buttons_OR/Page_CURA Healthcare Service/textarea_Comment_comment"), "Hello Doctor"): Text 'Hello Doctor' is set on object 'Object Repository/CURA_HS_All_Buttons_OR/Page_CURA Healthcare Service/textarea_Comment_comment'

2024-01-20 13:00:07 - [MESSAGE][PASSED] - Text 'Hello Doctor' is set on object 'Object Repository/CURA_HS_All_Buttons_OR/Page_CURA Healthcare Service/textarea_Comment_comment'

2024-01-20 13:00:07 - [TEST_STEP][PASSED] - click(findTestObject("Object Repository/CURAHealthcareService_MAKEAppointment_OR_002/Page_CURA Healthcare Service/button_Book Appointment")): Object: 'Object Repository/CURAHealthcareService_MAKEAppointment_OR_002/Page_CURA Healthcare Service/button_Book Appointment' is clicked on

2024-01-20 13:00:10 - [MESSAGE][PASSED] - Object: 'Object Repository/CURAHealthcareService_MAKEAppointment_OR_002/Page_CURA Healthcare Service/button_Book Appointment' is clicked on

2024-01-20 13:00:10 - [TEST_STEP][PASSED] - Start listener action : sampleAfterTestCase: Object: 'Object Repository/CURA_HS_All_Buttons_OR/Page_CURA Healthcare Service/a_Logout' is clicked on

2024-01-20 13:00:10 - [TEST_STEP][PASSED] - click(findTestObject("Object Repository/CURAHealthcareService_LOGOUT_OR_004/Page_CURA Healthcare Service/a_CURA Healthcare_menu-toggle")): Object: 'Object Repository/CURAHealthcareService_LOGOUT_OR_004/Page_CURA Healthcare Service/a_CURA Healthcare_menu-toggle' is clicked on

2024-01-20 13:00:13 - [MESSAGE][PASSED] - Object: 'Object Repository/CURAHealthcareService_LOGOUT_OR_004/Page_CURA Healthcare Service/a_CURA Healthcare_menu-toggle' is clicked on

2024-01-20 13:00:13 - [TEST_STEP][PASSED] - click(findTestObject("CURA_HS_All_Buttons_OR/Page_CURA Healthcare Service/a_Logout")): Object: 'Object Repository/CURA_HS_All_Buttons_OR/Page_CURA Healthcare Service/a_Logout' is clicked on

2024-01-20 13:00:16 - [MESSAGE][PASSED] - Object: 'Object Repository/CURA_HS_All_Buttons_OR/Page_CURA Healthcare Service/a_Logout' is clicked on

2024-01-20 13:00:16 - [TEST_STEP][PASSED] - Start listener action : sampleAfterTestCase: null

2024-01-20 13:00:16 - [TEST_STEP][PASSED] - Start listener action : sampleAfterTestCase: null]]></system-out>
         <system-err><![CDATA[]]></system-err>
      </testcase>
      <system-out><![CDATA[2024-01-20 12:58:37 - [TEST_SUITE][PASSED] - TestListener_MakeAppointment_002: Test Cases/CURA_Health_Services/TC_CHS_MAKEAppointment_002]]></system-out>
      <system-err><![CDATA[]]></system-err>
   </testsuite>
</testsuites>
